<?xml version="1.0" encoding="UTF-8"?>
<!-- Generated by org.testng.reporters.JUnitXMLReporter -->
<testsuite ignored="0" hostname="Sweety" failures="0" tests="4" name="HOME_Test2" time="0.008" errors="0" timestamp="22 May 2020 22:45:16 GMT">
  <testcase classname="Testng_demo.Testng_demo.TC_Login" name="TC_Login_01" time="0.001"/>
  <testcase classname="Testng_demo.Testng_demo.TC_Login" name="TC_Login_02" time="0.001"/>
  <testcase classname="Testng_demo.Testng_demo.TC_Login" name="TC_Login_03" time="0.0"/>
  <testcase classname="Testng_demo.Testng_demo.TC_Login" name="TC_Login_04" time="0.001"/>
</testsuite> <!-- HOME_Test2 -->
