<?xml version="1.0" encoding="UTF-8"?>
<!-- Generated by org.testng.reporters.JUnitXMLReporter -->
<testsuite hostname="Sweety" ignored="1" name="Login_Test" tests="3" failures="0" timestamp="2020-06-10T23:39:13 PDT" time="0.006" errors="0">
  <testcase name="TC_Login_01" time="0.001" classname="Testng_demo.Testng_demo.TC_Login"/>
  <testcase name="TC_Login_02" time="0.001" classname="Testng_demo.Testng_demo.TC_Login"/>
  <testcase name="TC_Login_04" time="0.0" classname="Testng_demo.Testng_demo.TC_Login"/>
  <testcase name="TC_Login_03" time="0.0" classname="Testng_demo.Testng_demo.TC_Login">
    <ignored/>
  </testcase> <!-- TC_Login_03 -->
</testsuite> <!-- Login_Test -->
