<?xml version="1.0" encoding="UTF-8"?>
<testng-results skipped="0" failed="0" ignored="1" total="6" passed="5">
  <reporter-output>
  </reporter-output>
  <suite name="Regression_Suite" duration-ms="81" started-at="2020-06-10T23:39:13 PDT" finished-at="2020-06-10T23:39:13 PDT">
    <groups>
    </groups>
    <test name="HOME_Test" duration-ms="43" started-at="2020-06-10T23:39:13 PDT" finished-at="2020-06-10T23:39:13 PDT">
      <class name="Testng_demo.Testng_demo.TC_Home">
        <test-method status="PASS" signature="TC_Home_01()[pri:0, instance:Testng_demo.Testng_demo.TC_Home@64f6106c]" name="TC_Home_01" duration-ms="9" started-at="2020-06-10T23:39:13 PDT" finished-at="2020-06-10T23:39:13 PDT">
          <reporter-output>
          </reporter-output>
        </test-method> <!-- TC_Home_01 -->
        <test-method status="PASS" signature="TC_Home_02()[pri:0, instance:Testng_demo.Testng_demo.TC_Home@64f6106c]" name="TC_Home_02" duration-ms="1" started-at="2020-06-10T23:39:13 PDT" finished-at="2020-06-10T23:39:13 PDT">
          <reporter-output>
          </reporter-output>
        </test-method> <!-- TC_Home_02 -->
      </class> <!-- Testng_demo.Testng_demo.TC_Home -->
    </test> <!-- HOME_Test -->
    <test name="Login_Test" duration-ms="6" started-at="2020-06-10T23:39:13 PDT" finished-at="2020-06-10T23:39:13 PDT">
      <class name="Testng_demo.Testng_demo.TC_Login">
        <test-method status="PASS" signature="TC_Login_01()[pri:0, instance:Testng_demo.Testng_demo.TC_Login@401e7803]" name="TC_Login_01" duration-ms="1" started-at="2020-06-10T23:39:13 PDT" finished-at="2020-06-10T23:39:13 PDT">
          <reporter-output>
          </reporter-output>
        </test-method> <!-- TC_Login_01 -->
        <test-method status="PASS" signature="TC_Login_02()[pri:0, instance:Testng_demo.Testng_demo.TC_Login@401e7803]" name="TC_Login_02" duration-ms="1" started-at="2020-06-10T23:39:13 PDT" finished-at="2020-06-10T23:39:13 PDT">
          <reporter-output>
          </reporter-output>
        </test-method> <!-- TC_Login_02 -->
        <test-method status="PASS" signature="TC_Login_04()[pri:0, instance:Testng_demo.Testng_demo.TC_Login@401e7803]" name="TC_Login_04" duration-ms="0" started-at="2020-06-10T23:39:13 PDT" finished-at="2020-06-10T23:39:13 PDT">
          <reporter-output>
          </reporter-output>
        </test-method> <!-- TC_Login_04 -->
      </class> <!-- Testng_demo.Testng_demo.TC_Login -->
    </test> <!-- Login_Test -->
  </suite> <!-- Regression_Suite -->
</testng-results>
